********************************************************************************
product = WebSphere Application Server 17.0.0.4 (wlp-1.0.19.201712061531)
wlp.install.dir = /Users/nhirt/TEMP/libertydemo_mc/target/liberty/wlp/
java.home = /Library/Java/JavaVirtualMachines/jdk1.8.0_151.jdk/Contents/Home/jre
java.version = 1.8.0_151
java.runtime = Java(TM) SE Runtime Environment (1.8.0_151-b12)
os = Mac OS X (10.13.3; x86_64) (en_US)
process = 22436@Niklauss-MacBook-Pro.local
********************************************************************************
[3/27/18 12:57:56:479 CEST] 00000001 com.ibm.ws.kernel.launch.internal.FrameworkManager           A CWWKE0001I: The server defaultServer has been launched.
[3/27/18 12:57:56:500 CEST] 00000001 com.ibm.ws.kernel.launch.internal.FrameworkManager           A CWWKE0100I: This product is licensed for development, and limited production use. The full license terms can be viewed here: https://public.dhe.ibm.com/ibmdl/export/pub/software/websphere/wasdev/license/base_ilan/ilan/17.0.0.4/lafiles/en.html
[3/27/18 12:57:57:790 CEST] 00000001 com.ibm.ws.kernel.launch.internal.FrameworkManager           I CWWKE0002I: The kernel started after 1.646 seconds
[3/27/18 12:57:57:878 CEST] 00000019 com.ibm.ws.kernel.feature.internal.FeatureManager            I CWWKF0007I: Feature update started.
[3/27/18 12:58:00:645 CEST] 00000011 com.ibm.ws.security.ready.internal.SecurityReadyServiceImpl  I CWWKS0007I: The security service is starting...
[3/27/18 12:58:01:329 CEST] 00000011 com.ibm.ws.app.manager.internal.monitor.DropinMonitor        A CWWKZ0058I: Monitoring dropins for applications. 
[3/27/18 12:58:01:362 CEST] 00000023 com.ibm.ws.tcpchannel.internal.TCPChannel                    I CWWKO0219I: TCP Channel defaultHttpEndpoint has been started and is now listening for requests on host *  (IPv6) port 9080.
[3/27/18 12:58:01:764 CEST] 00000011 com.ibm.ws.cache.ServerCache                                 I DYNA1001I: WebSphere Dynamic Cache instance named baseCache initialized successfully.
[3/27/18 12:58:01:767 CEST] 00000011 com.ibm.ws.cache.ServerCache                                 I DYNA1071I: The cache provider default is being used.
[3/27/18 12:58:01:768 CEST] 00000011 com.ibm.ws.cache.CacheServiceImpl                            I DYNA1056I: Dynamic Cache (object cache) initialized successfully.
[3/27/18 12:58:02:118 CEST] 0000002c com.ibm.ws.security.token.ltpa.internal.LTPAKeyInfoManager   I CWWKS4103I: Creating the LTPA keys. This may take a few seconds.
[3/27/18 12:58:02:145 CEST] 00000011 ibm.ws.security.authentication.internal.jaas.JAASServiceImpl I CWWKS1123I: The collective authentication plugin with class name NullCollectiveAuthenticationPlugin has been activated. 
[3/27/18 12:58:02:392 CEST] 00000011 com.ibm.ws.security.jwt.internal.ConsumerImpl                I CWWKS6012I: The JSON Web Token (JWT) consumer service is available.
[3/27/18 12:58:02:407 CEST] 00000011 com.ibm.ws.security.jwt.web.JwtEndpointServices              I CWWKS6002I: The JSON Web Token (JWT) endpoint service is available.
[3/27/18 12:58:02:588 CEST] 0000002c com.ibm.ws.security.token.ltpa.internal.LTPAKeyInfoManager   A CWWKS4104A: LTPA keys created in 0.470 seconds. LTPA key file: /Users/nhirt/TEMP/libertydemo_mc/target/liberty/wlp/usr/servers/defaultServer/resources/security/ltpa.keys
[3/27/18 12:58:02:597 CEST] 0000002c com.ibm.ws.security.token.ltpa.internal.LTPAKeyCreateTask    I CWWKS4105I: LTPA configuration is ready after 0.485 seconds.
[3/27/18 12:58:02:593 CEST] 00000011 com.ibm.ws.security.mp.jwt.impl.MicroProfileJwtServiceImpl   I CWWKS5500I: The MicroProfile JWT configuration [MicroProfileJwtService] was successfully processed.
[3/27/18 12:58:02:795 CEST] 00000011 com.ibm.ws.session.WASSessionCore                            I SESN8501I: The session manager did not find a persistent storage location; HttpSession objects will be stored in the local application server's memory.
[3/27/18 12:58:03:738 CEST] 0000002a com.ibm.ws.app.manager.AppMessageHelper                      I CWWKZ0018I: Starting application javametrics-rest.
[3/27/18 12:58:03:738 CEST] 00000026 com.ibm.ws.app.manager.AppMessageHelper                      I CWWKZ0018I: Starting application javametrics-dash.
[3/27/18 12:58:03:738 CEST] 0000002b com.ibm.ws.app.manager.AppMessageHelper                      I CWWKZ0018I: Starting application libertydemo-1.0-SNAPSHOT.
[3/27/18 12:58:04:328 CEST] 00000023 com.ibm.ws.webcontainer.osgi.webapp.WebGroup                 I SRVE0169I: Loading Web Module: ibm/api.
[3/27/18 12:58:04:332 CEST] 00000023 com.ibm.ws.webcontainer                                      I SRVE0250I: Web Module ibm/api has been bound to default_host.
[3/27/18 12:58:04:333 CEST] 00000023 com.ibm.ws.http.internal.VirtualHostImpl                     A CWWKT0016I: Web application available (default_host): http://192.168.232.1:9080/ibm/api/
[3/27/18 12:58:04:427 CEST] 00000028 com.ibm.ws.webcontainer.osgi.webapp.WebGroup                 I SRVE0169I: Loading Web Module: health.
[3/27/18 12:58:04:428 CEST] 00000028 com.ibm.ws.webcontainer                                      I SRVE0250I: Web Module health has been bound to default_host.
[3/27/18 12:58:04:430 CEST] 00000028 com.ibm.ws.http.internal.VirtualHostImpl                     A CWWKT0016I: Web application available (default_host): http://192.168.232.1:9080/health/
[3/27/18 12:58:04:445 CEST] 00000022 com.ibm.ws.webcontainer.osgi.webapp.WebGroup                 I SRVE0169I: Loading Web Module: com.ibm.ws.security.jwt.
[3/27/18 12:58:04:445 CEST] 00000027 com.ibm.ws.webcontainer.osgi.webapp.WebGroup                 I SRVE0169I: Loading Web Module: MicroProfileMetrics.
[3/27/18 12:58:04:445 CEST] 00000022 com.ibm.ws.webcontainer                                      I SRVE0250I: Web Module com.ibm.ws.security.jwt has been bound to default_host.
[3/27/18 12:58:04:446 CEST] 00000027 com.ibm.ws.webcontainer                                      I SRVE0250I: Web Module MicroProfileMetrics has been bound to default_host.
[3/27/18 12:58:04:446 CEST] 00000022 com.ibm.ws.http.internal.VirtualHostImpl                     A CWWKT0016I: Web application available (default_host): http://192.168.232.1:9080/jwt/
[3/27/18 12:58:04:446 CEST] 00000027 com.ibm.ws.http.internal.VirtualHostImpl                     A CWWKT0016I: Web application available (default_host): http://192.168.232.1:9080/metrics/
[3/27/18 12:58:04:488 CEST] 0000002b org.jboss.weld.Version                                       I WELD-000900: 2.4.5 (Final)
[3/27/18 12:58:04:587 CEST] 0000002e com.ibm.ws.session.WASSessionCore                            I SESN0176I: A new session context will be created for application key default_host/jwt
[3/27/18 12:58:04:587 CEST] 00000020 com.ibm.ws.session.WASSessionCore                            I SESN0176I: A new session context will be created for application key default_host/health
[3/27/18 12:58:04:587 CEST] 0000001a com.ibm.ws.session.WASSessionCore                            I SESN0176I: A new session context will be created for application key default_host/metrics
[3/27/18 12:58:04:587 CEST] 0000001e com.ibm.ws.session.WASSessionCore                            I SESN0176I: A new session context will be created for application key default_host/ibm/api
[3/27/18 12:58:04:610 CEST] 0000002e com.ibm.ws.util                                              I SESN0172I: The session manager is using the Java default SecureRandom implementation for session ID generation.
[3/27/18 12:58:04:629 CEST] 0000001e com.ibm.ws.util                                              I SESN0172I: The session manager is using the Java default SecureRandom implementation for session ID generation.
[3/27/18 12:58:04:634 CEST] 0000001a com.ibm.ws.util                                              I SESN0172I: The session manager is using the Java default SecureRandom implementation for session ID generation.
[3/27/18 12:58:04:635 CEST] 00000020 com.ibm.ws.util                                              I SESN0172I: The session manager is using the Java default SecureRandom implementation for session ID generation.
[3/27/18 12:58:04:661 CEST] 0000001e com.ibm.ws.cache.CacheServiceImpl                            I DYNA1056I: Dynamic Cache (object cache) initialized successfully.
[3/27/18 12:58:04:746 CEST] 0000001a com.ibm.ws.webcontainer.servlet                              I SRVE0242I: [com.ibm.ws.microprofile.metrics] [/metrics] [MetricsRESTProxyServlet]: Initialization successful.
[3/27/18 12:58:04:837 CEST] 00000026 com.ibm.ws.webcontainer.osgi.webapp.WebGroup                 I SRVE0169I: Loading Web Module: javametrics.web.
[3/27/18 12:58:04:837 CEST] 00000026 com.ibm.ws.webcontainer                                      I SRVE0250I: Web Module javametrics.web has been bound to default_host.
[3/27/18 12:58:04:837 CEST] 00000026 com.ibm.ws.http.internal.VirtualHostImpl                     A CWWKT0016I: Web application available (default_host): http://192.168.232.1:9080/javametrics-dash/
[3/27/18 12:58:04:838 CEST] 0000002a com.ibm.ws.webcontainer.osgi.webapp.WebGroup                 I SRVE0169I: Loading Web Module: javametrics-api.
[3/27/18 12:58:04:838 CEST] 0000002a com.ibm.ws.webcontainer                                      I SRVE0250I: Web Module javametrics-api has been bound to default_host.
[3/27/18 12:58:04:838 CEST] 0000002a com.ibm.ws.http.internal.VirtualHostImpl                     A CWWKT0016I: Web application available (default_host): http://192.168.232.1:9080/javametrics/
[3/27/18 12:58:04:845 CEST] 0000002a com.ibm.ws.app.manager.AppMessageHelper                      A CWWKZ0001I: Application javametrics-rest started in 1.107 seconds.
[3/27/18 12:58:04:846 CEST] 0000001f com.ibm.ws.session.WASSessionCore                            I SESN0176I: A new session context will be created for application key default_host/javametrics
[3/27/18 12:58:04:846 CEST] 0000001f com.ibm.ws.util                                              I SESN0172I: The session manager is using the Java default SecureRandom implementation for session ID generation.
[3/27/18 12:58:04:895 CEST] 0000001a com.ibm.ws.session.WASSessionCore                            I SESN0176I: A new session context will be created for application key default_host/javametrics-dash
[3/27/18 12:58:04:895 CEST] 0000001a com.ibm.ws.util                                              I SESN0172I: The session manager is using the Java default SecureRandom implementation for session ID generation.
[3/27/18 12:58:04:924 CEST] 0000001a com.ibm.ws.wsoc.EndpointManager                              I CWWKH0046I: Adding a WebSocket ServerEndpoint with the following URI: /javametrics-socket
[3/27/18 12:58:04:948 CEST] 00000026 com.ibm.ws.app.manager.AppMessageHelper                      A CWWKZ0001I: Application javametrics-dash started in 1.210 seconds.
[3/27/18 12:58:05:410 CEST] 0000001d com.ibm.ws.webcontainer.osgi.mbeans.PluginGenerator          I SRVE9103I: A configuration file for a web server plugin was automatically generated for this server at /Users/nhirt/TEMP/libertydemo_mc/target/liberty/wlp/usr/servers/defaultServer/logs/state/plugin-cfg.xml.
[3/27/18 12:58:05:938 CEST] 0000002b com.ibm.ws.webcontainer.osgi.webapp.WebGroup                 I SRVE0169I: Loading Web Module: libertydemo-1.0-SNAPSHOT.
[3/27/18 12:58:05:939 CEST] 0000002b com.ibm.ws.webcontainer                                      I SRVE0250I: Web Module libertydemo-1.0-SNAPSHOT has been bound to default_host.
[3/27/18 12:58:05:939 CEST] 0000002b com.ibm.ws.http.internal.VirtualHostImpl                     A CWWKT0016I: Web application available (default_host): http://192.168.232.1:9080/libertydemo/
[3/27/18 12:58:05:940 CEST] 0000002b com.ibm.ws.app.manager.AppMessageHelper                      A CWWKZ0001I: Application libertydemo-1.0-SNAPSHOT started in 2.202 seconds.
[3/27/18 12:58:05:943 CEST] 0000001e com.ibm.ws.session.WASSessionCore                            I SESN0176I: A new session context will be created for application key default_host/libertydemo
[3/27/18 12:58:05:943 CEST] 0000001e com.ibm.ws.util                                              I SESN0172I: The session manager is using the Java default SecureRandom implementation for session ID generation.
[3/27/18 12:58:05:973 CEST] 00000026 com.ibm.ws.webcontainer.osgi.mbeans.PluginGenerator          I SRVE9103I: A configuration file for a web server plugin was automatically generated for this server at /Users/nhirt/TEMP/libertydemo_mc/target/liberty/wlp/usr/servers/defaultServer/logs/state/plugin-cfg.xml.
[3/27/18 12:58:05:976 CEST] 00000019 com.ibm.ws.kernel.feature.internal.FeatureManager            A CWWKF0012I: The server installed the following features: [microProfile-1.2, jsp-2.3, managedBeans-1.0, mpFaultTolerance-1.0, servlet-3.1, ssl-1.0, jndi-1.0, mpHealth-1.0, appSecurity-2.0, jsonp-1.0, mpConfig-1.1, jaxrs-2.0, el-3.0, jaxrsClient-2.0, concurrent-1.0, jwt-1.0, mpMetrics-1.0, mpJwt-1.0, json-1.0, cdi-1.2, distributedMap-1.0, websocket-1.1].
[3/27/18 12:58:05:977 CEST] 00000019 com.ibm.ws.kernel.feature.internal.FeatureManager            I CWWKF0008I: Feature update completed in 8.189 seconds.
[3/27/18 12:58:05:977 CEST] 00000019 com.ibm.ws.kernel.feature.internal.FeatureManager            A CWWKF0011I: The server defaultServer is ready to run a smarter planet.
[3/27/18 12:58:07:780 CEST] 00000026 com.ibm.ws.webcontainer.extension                            W SRVE0190E: File not found: /health
[3/27/18 12:58:12:824 CEST] 0000002b com.ibm.ws.webcontainer.extension                            W SRVE0190E: File not found: /health
[3/27/18 12:58:17:845 CEST] 0000001e com.ibm.ws.webcontainer.extension                            W SRVE0190E: File not found: /health
[3/27/18 12:58:22:862 CEST] 0000001a com.ibm.ws.webcontainer.extension                            W SRVE0190E: File not found: /health
[3/27/18 12:58:27:876 CEST] 0000002c com.ibm.ws.webcontainer.extension                            W SRVE0190E: File not found: /health
[3/27/18 12:58:32:890 CEST] 0000001a com.ibm.ws.webcontainer.extension                            W SRVE0190E: File not found: /health
[3/27/18 12:58:37:910 CEST] 00000039 com.ibm.ws.webcontainer.extension                            W SRVE0190E: File not found: /health
[3/27/18 12:58:42:939 CEST] 0000002c com.ibm.ws.webcontainer.extension                            W SRVE0190E: File not found: /health
[3/27/18 12:58:47:958 CEST] 0000003b com.ibm.ws.webcontainer.extension                            W SRVE0190E: File not found: /health
[3/27/18 12:58:52:973 CEST] 0000001a com.ibm.ws.webcontainer.extension                            W SRVE0190E: File not found: /health
[3/27/18 12:58:57:986 CEST] 00000020 com.ibm.ws.webcontainer.extension                            W SRVE0190E: File not found: /health
[3/27/18 12:59:02:095 CEST] 0000003d com.ibm.ws.ssl.internal.SSLConfigValidator                   A CWPKI0817A: The default SSL configuration expects a <keyStore> element with an id value of defaultKeyStore, and a password. The defaultKeyStore <keyStore> element is missing, or the password is not specified. Either define the missing element: <keyStore id="defaultKeyStore" password="yourpassword" />, or change the default SSL configuration to use an existing keystore. See the following example: <ssl id="defaultSSLConfig" keyStoreRef="newKeyStore" />.
